<?xml version="1.0" encoding="utf-8"?><testsuites name="pytest tests"><testsuite name="pytest" errors="0" failures="0" skipped="0" tests="15" time="5.619" timestamp="2026-06-18T16:03:07.076595+00:00" hostname="agent-env-3997c11d-14eb-4fa7-b595-5971258f2bc2"><testcase classname="backend.tests.test_nexora_iter3" name="test_roblox_oauth_url_configured" time="0.258" /><testcase classname="backend.tests.test_nexora_iter3" name="test_bot_health" time="0.372" /><testcase classname="backend.tests.test_nexora_iter3" name="test_dash_roles_crud" time="0.382" /><testcase classname="backend.tests.test_nexora_iter3" name="test_assign_role_to_user" time="0.438" /><testcase classname="backend.tests.test_nexora_iter3" name="test_role_links_crud" time="0.251" /><testcase classname="backend.tests.test_nexora_iter3" name="test_authorities_grant_builderman" time="1.090" /><testcase classname="backend.tests.test_nexora_iter3" name="test_game_authority_requires_key" time="0.114" /><testcase classname="backend.tests.test_nexora_iter3" name="test_game_authority_with_key" time="1.264" /><testcase classname="backend.tests.test_nexora_iter3" name="test_game_permissions_with_key" time="0.543" /><testcase classname="backend.tests.test_nexora_iter3" name="test_game_permissions_requires_key" time="0.099" /><testcase classname="backend.tests.test_nexora_iter3" name="test_game_punishment_create" time="0.272" /><testcase classname="backend.tests.test_nexora_iter3" name="test_game_punishment_requires_key" time="0.150" /><testcase classname="backend.tests.test_nexora_iter3" name="test_game_info_owner" time="0.067" /><testcase classname="backend.tests.test_nexora_iter3" name="test_game_info_requires_owner_perm" time="0.110" /><testcase classname="backend.tests.test_nexora_iter3" name="test_privacy_alias_route" time="0.109" /></testsuite></testsuites>