<?xml version="1.0" encoding="utf-8"?><testsuites name="pytest tests"><testsuite name="pytest" errors="0" failures="0" skipped="0" tests="34" time="6.908" timestamp="2026-06-18T15:43:40.911784+00:00" hostname="agent-env-3997c11d-14eb-4fa7-b595-5971258f2bc2"><testcase classname="backend.tests.test_nexora_api" name="test_health" time="0.247" /><testcase classname="backend.tests.test_nexora_api" name="test_auth_me" time="0.330" /><testcase classname="backend.tests.test_nexora_api" name="test_auth_me_unauth" time="0.043" /><testcase classname="backend.tests.test_nexora_api" name="test_discord_oauth_url_demo" time="0.047" /><testcase classname="backend.tests.test_nexora_api" name="test_rooms_seeded" time="0.045" /><testcase classname="backend.tests.test_nexora_api" name="test_booking_flow" time="0.234" /><testcase classname="backend.tests.test_nexora_api" name="test_permissions_list" time="0.052" /><testcase classname="backend.tests.test_nexora_api" name="test_users_owner_access_and_update" time="0.236" /><testcase classname="backend.tests.test_nexora_api" name="test_users_unauth" time="0.048" /><testcase classname="backend.tests.test_nexora_api" name="test_settings_get_and_update" time="0.137" /><testcase classname="backend.tests.test_nexora_api" name="test_collections_crud[punishments]" time="0.186" /><testcase classname="backend.tests.test_nexora_api" name="test_collections_crud[events]" time="0.184" /><testcase classname="backend.tests.test_nexora_api" name="test_collections_crud[sessions]" time="0.178" /><testcase classname="backend.tests.test_nexora_api" name="test_collections_crud[authorities]" time="0.182" /><testcase classname="backend.tests.test_nexora_api" name="test_collections_crud[forum_threads]" time="0.184" /><testcase classname="backend.tests.test_nexora_api" name="test_collections_crud[hosted_bots]" time="0.183" /><testcase classname="backend.tests.test_nexora_api" name="test_collections_unknown" time="0.045" /><testcase classname="backend.tests.test_nexora_api" name="test_non_owner_cannot_access_users" time="0.150" /><testcase classname="backend.tests.test_nexora_iter2" name="test_health_configured" time="0.129" /><testcase classname="backend.tests.test_nexora_iter2" name="test_discord_oauth_url_configured" time="0.119" /><testcase classname="backend.tests.test_nexora_iter2" name="test_new_permissions_present" time="0.305" /><testcase classname="backend.tests.test_nexora_iter2" name="test_session_types_seed_defaults" time="0.047" /><testcase classname="backend.tests.test_nexora_iter2" name="test_session_type_crud" time="0.293" /><testcase classname="backend.tests.test_nexora_iter2" name="test_room_type_create_mirrors_rooms" time="0.195" /><testcase classname="backend.tests.test_nexora_iter2" name="test_roblox_user_lookup" time="0.441" /><testcase classname="backend.tests.test_nexora_iter2" name="test_roblox_link_me" time="0.391" /><testcase classname="backend.tests.test_nexora_iter2" name="test_ingest_info_requires_owner" time="0.127" /><testcase classname="backend.tests.test_nexora_iter2" name="test_ingest_chatlog_without_secret" time="0.104" /><testcase classname="backend.tests.test_nexora_iter2" name="test_ingest_chatlog_with_secret" time="0.173" /><testcase classname="backend.tests.test_nexora_iter2" name="test_ingest_adminlog_without_secret" time="0.186" /><testcase classname="backend.tests.test_nexora_iter2" name="test_ingest_adminlog_with_secret" time="0.234" /><testcase classname="backend.tests.test_nexora_iter2" name="test_players_lookup_aggregation" time="0.846" /><testcase classname="backend.tests.test_nexora_iter2" name="test_players_lookup_real_roblox_for_builderman" time="0.327" /><testcase classname="backend.tests.test_nexora_iter2" name="test_activity_feed" time="0.048" /></testsuite></testsuites>