<?xml version="1.0" encoding="utf-8"?><testsuites name="pytest tests"><testsuite name="pytest" errors="0" failures="0" skipped="0" tests="49" time="14.213" timestamp="2026-06-18T16:03:17.225142+00:00" hostname="agent-env-3997c11d-14eb-4fa7-b595-5971258f2bc2"><testcase classname="backend.tests.test_nexora_api" name="test_health" time="0.157" /><testcase classname="backend.tests.test_nexora_api" name="test_auth_me" time="0.289" /><testcase classname="backend.tests.test_nexora_api" name="test_auth_me_unauth" time="0.051" /><testcase classname="backend.tests.test_nexora_api" name="test_discord_oauth_url_demo" time="0.052" /><testcase classname="backend.tests.test_nexora_api" name="test_rooms_seeded" time="0.063" /><testcase classname="backend.tests.test_nexora_api" name="test_booking_flow" time="0.279" /><testcase classname="backend.tests.test_nexora_api" name="test_permissions_list" time="0.082" /><testcase classname="backend.tests.test_nexora_api" name="test_users_owner_access_and_update" time="0.290" /><testcase classname="backend.tests.test_nexora_api" name="test_users_unauth" time="0.086" /><testcase classname="backend.tests.test_nexora_api" name="test_settings_get_and_update" time="0.163" /><testcase classname="backend.tests.test_nexora_api" name="test_collections_crud[punishments]" time="0.348" /><testcase classname="backend.tests.test_nexora_api" name="test_collections_crud[events]" time="0.342" /><testcase classname="backend.tests.test_nexora_api" name="test_collections_crud[sessions]" time="0.415" /><testcase classname="backend.tests.test_nexora_api" name="test_collections_crud[authorities]" time="0.237" /><testcase classname="backend.tests.test_nexora_api" name="test_collections_crud[forum_threads]" time="0.229" /><testcase classname="backend.tests.test_nexora_api" name="test_collections_crud[hosted_bots]" time="0.221" /><testcase classname="backend.tests.test_nexora_api" name="test_collections_unknown" time="0.058" /><testcase classname="backend.tests.test_nexora_api" name="test_non_owner_cannot_access_users" time="0.184" /><testcase classname="backend.tests.test_nexora_iter2" name="test_health_configured" time="0.095" /><testcase classname="backend.tests.test_nexora_iter2" name="test_discord_oauth_url_configured" time="0.098" /><testcase classname="backend.tests.test_nexora_iter2" name="test_new_permissions_present" time="0.323" /><testcase classname="backend.tests.test_nexora_iter2" name="test_session_types_seed_defaults" time="0.049" /><testcase classname="backend.tests.test_nexora_iter2" name="test_session_type_crud" time="0.282" /><testcase classname="backend.tests.test_nexora_iter2" name="test_room_type_create_mirrors_rooms" time="0.186" /><testcase classname="backend.tests.test_nexora_iter2" name="test_roblox_user_lookup" time="0.860" /><testcase classname="backend.tests.test_nexora_iter2" name="test_roblox_link_me" time="0.761" /><testcase classname="backend.tests.test_nexora_iter2" name="test_ingest_info_requires_owner" time="0.148" /><testcase classname="backend.tests.test_nexora_iter2" name="test_ingest_chatlog_without_secret" time="0.101" /><testcase classname="backend.tests.test_nexora_iter2" name="test_ingest_chatlog_with_secret" time="0.153" /><testcase classname="backend.tests.test_nexora_iter2" name="test_ingest_adminlog_without_secret" time="0.106" /><testcase classname="backend.tests.test_nexora_iter2" name="test_ingest_adminlog_with_secret" time="0.140" /><testcase classname="backend.tests.test_nexora_iter2" name="test_players_lookup_aggregation" time="1.193" /><testcase classname="backend.tests.test_nexora_iter2" name="test_players_lookup_real_roblox_for_builderman" time="0.705" /><testcase classname="backend.tests.test_nexora_iter2" name="test_activity_feed" time="0.052" /><testcase classname="backend.tests.test_nexora_iter3" name="test_roblox_oauth_url_configured" time="0.094" /><testcase classname="backend.tests.test_nexora_iter3" name="test_bot_health" time="0.365" /><testcase classname="backend.tests.test_nexora_iter3" name="test_dash_roles_crud" time="0.386" /><testcase classname="backend.tests.test_nexora_iter3" name="test_assign_role_to_user" time="0.436" /><testcase classname="backend.tests.test_nexora_iter3" name="test_role_links_crud" time="0.262" /><testcase classname="backend.tests.test_nexora_iter3" name="test_authorities_grant_builderman" time="1.051" /><testcase classname="backend.tests.test_nexora_iter3" name="test_game_authority_requires_key" time="0.142" /><testcase classname="backend.tests.test_nexora_iter3" name="test_game_authority_with_key" time="1.291" /><testcase classname="backend.tests.test_nexora_iter3" name="test_game_permissions_with_key" time="0.552" /><testcase classname="backend.tests.test_nexora_iter3" name="test_game_permissions_requires_key" time="0.096" /><testcase classname="backend.tests.test_nexora_iter3" name="test_game_punishment_create" time="0.231" /><testcase classname="backend.tests.test_nexora_iter3" name="test_game_punishment_requires_key" time="0.103" /><testcase classname="backend.tests.test_nexora_iter3" name="test_game_info_owner" time="0.068" /><testcase classname="backend.tests.test_nexora_iter3" name="test_game_info_requires_owner_perm" time="0.144" /><testcase classname="backend.tests.test_nexora_iter3" name="test_privacy_alias_route" time="0.106" /></testsuite></testsuites>